{"/Users/chuckmichael/sideProjects/numberToEquation/spec/testSpec.js":{"path":"/Users/chuckmichael/sideProjects/numberToEquation/spec/testSpec.js","s":{"1":1,"2":1,"3":1,"4":1,"5":1,"6":1,"7":1,"8":1,"9":1,"10":1,"11":1,"12":1,"13":1,"14":1,"15":1,"16":1,"17":1,"18":0,"19":1,"20":1,"21":1,"22":1,"23":1,"24":0,"25":1,"26":0,"27":1,"28":0,"29":1,"30":0,"31":1,"32":1,"33":1,"34":1,"35":1,"36":1,"37":1,"38":1,"39":1},"b":{},"f":{"1":1,"2":1,"3":1,"4":1,"5":1,"6":1,"7":1,"8":1,"9":1,"10":1,"11":1,"12":1},"fnMap":{"1":{"name":"(anonymous_1)","line":4,"loc":{"start":{"line":4,"column":61},"end":{"line":4,"column":72}}},"2":{"name":"(anonymous_2)","line":5,"loc":{"start":{"line":5,"column":38},"end":{"line":5,"column":49}}},"3":{"name":"(anonymous_3)","line":8,"loc":{"start":{"line":8,"column":39},"end":{"line":8,"column":50}}},"4":{"name":"(anonymous_4)","line":16,"loc":{"start":{"line":16,"column":37},"end":{"line":16,"column":48}}},"5":{"name":"(anonymous_5)","line":23,"loc":{"start":{"line":23,"column":32},"end":{"line":23,"column":43}}},"6":{"name":"(anonymous_6)","line":28,"loc":{"start":{"line":28,"column":53},"end":{"line":28,"column":64}}},"7":{"name":"(anonymous_7)","line":36,"loc":{"start":{"line":36,"column":38},"end":{"line":36,"column":49}}},"8":{"name":"(anonymous_8)","line":56,"loc":{"start":{"line":56,"column":36},"end":{"line":56,"column":47}}},"9":{"name":"(anonymous_9)","line":57,"loc":{"start":{"line":57,"column":18},"end":{"line":57,"column":29}}},"10":{"name":"(anonymous_10)","line":60,"loc":{"start":{"line":60,"column":18},"end":{"line":60,"column":29}}},"11":{"name":"(anonymous_11)","line":63,"loc":{"start":{"line":63,"column":18},"end":{"line":63,"column":29}}},"12":{"name":"(anonymous_12)","line":66,"loc":{"start":{"line":66,"column":18},"end":{"line":66,"column":29}}}},"statementMap":{"1":{"start":{"line":1,"column":0},"end":{"line":1,"column":62}},"2":{"start":{"line":2,"column":0},"end":{"line":2,"column":31}},"3":{"start":{"line":4,"column":0},"end":{"line":54,"column":3}},"4":{"start":{"line":5,"column":2},"end":{"line":7,"column":5}},"5":{"start":{"line":6,"column":4},"end":{"line":6,"column":80}},"6":{"start":{"line":8,"column":2},"end":{"line":15,"column":5}},"7":{"start":{"line":9,"column":4},"end":{"line":14,"column":7}},"8":{"start":{"line":16,"column":2},"end":{"line":22,"column":5}},"9":{"start":{"line":17,"column":4},"end":{"line":17,"column":47}},"10":{"start":{"line":18,"column":4},"end":{"line":18,"column":48}},"11":{"start":{"line":19,"column":4},"end":{"line":19,"column":48}},"12":{"start":{"line":20,"column":4},"end":{"line":20,"column":48}},"13":{"start":{"line":21,"column":4},"end":{"line":21,"column":48}},"14":{"start":{"line":23,"column":2},"end":{"line":27,"column":5}},"15":{"start":{"line":24,"column":4},"end":{"line":26,"column":6}},"16":{"start":{"line":28,"column":2},"end":{"line":35,"column":5}},"17":{"start":{"line":29,"column":4},"end":{"line":31,"column":6}},"18":{"start":{"line":32,"column":4},"end":{"line":34,"column":6}},"19":{"start":{"line":36,"column":2},"end":{"line":53,"column":5}},"20":{"start":{"line":37,"column":4},"end":{"line":37,"column":20}},"21":{"start":{"line":38,"column":4},"end":{"line":38,"column":17}},"22":{"start":{"line":39,"column":4},"end":{"line":39,"column":51}},"23":{"start":{"line":41,"column":4},"end":{"line":43,"column":5}},"24":{"start":{"line":42,"column":6},"end":{"line":42,"column":60}},"25":{"start":{"line":44,"column":4},"end":{"line":46,"column":5}},"26":{"start":{"line":45,"column":6},"end":{"line":45,"column":60}},"27":{"start":{"line":47,"column":4},"end":{"line":49,"column":5}},"28":{"start":{"line":48,"column":6},"end":{"line":48,"column":60}},"29":{"start":{"line":50,"column":4},"end":{"line":52,"column":5}},"30":{"start":{"line":51,"column":6},"end":{"line":51,"column":60}},"31":{"start":{"line":56,"column":0},"end":{"line":69,"column":3}},"32":{"start":{"line":57,"column":2},"end":{"line":59,"column":5}},"33":{"start":{"line":58,"column":4},"end":{"line":58,"column":60}},"34":{"start":{"line":60,"column":2},"end":{"line":62,"column":5}},"35":{"start":{"line":61,"column":4},"end":{"line":61,"column":66}},"36":{"start":{"line":63,"column":2},"end":{"line":65,"column":5}},"37":{"start":{"line":64,"column":4},"end":{"line":64,"column":72}},"38":{"start":{"line":66,"column":2},"end":{"line":68,"column":5}},"39":{"start":{"line":67,"column":4},"end":{"line":67,"column":78}}},"branchMap":{}},"/Users/chuckmichael/sideProjects/numberToEquation/src/equationGenerator.js":{"path":"/Users/chuckmichael/sideProjects/numberToEquation/src/equationGenerator.js","s":{"1":1,"2":10,"3":10,"4":10,"5":10,"6":2,"7":8,"8":2,"9":8,"10":23,"11":20,"12":70,"13":6,"14":23,"15":20,"16":70,"17":6,"18":23,"19":20,"20":70,"21":6,"22":23,"23":20,"24":43,"25":7,"26":8,"27":1},"b":{"1":[2,8],"2":[2,6],"3":[20,3],"4":[6,64],"5":[20,3],"6":[6,64],"7":[20,3],"8":[6,64],"9":[20,3],"10":[7,36]},"f":{"1":10},"fnMap":{"1":{"name":"(anonymous_1)","line":1,"loc":{"start":{"line":1,"column":24},"end":{"line":8,"column":2}}}},"statementMap":{"1":{"start":{"line":1,"column":0},"end":{"line":52,"column":2}},"2":{"start":{"line":9,"column":2},"end":{"line":9,"column":54}},"3":{"start":{"line":10,"column":2},"end":{"line":10,"column":26}},"4":{"start":{"line":11,"column":2},"end":{"line":11,"column":34}},"5":{"start":{"line":13,"column":2},"end":{"line":50,"column":3}},"6":{"start":{"line":14,"column":4},"end":{"line":14,"column":18}},"7":{"start":{"line":16,"column":4},"end":{"line":18,"column":5}},"8":{"start":{"line":17,"column":6},"end":{"line":17,"column":21}},"9":{"start":{"line":19,"column":4},"end":{"line":49,"column":5}},"10":{"start":{"line":20,"column":6},"end":{"line":26,"column":7}},"11":{"start":{"line":21,"column":8},"end":{"line":25,"column":9}},"12":{"start":{"line":22,"column":10},"end":{"line":24,"column":11}},"13":{"start":{"line":23,"column":12},"end":{"line":23,"column":49}},"14":{"start":{"line":27,"column":6},"end":{"line":33,"column":7}},"15":{"start":{"line":28,"column":8},"end":{"line":32,"column":9}},"16":{"start":{"line":29,"column":10},"end":{"line":31,"column":11}},"17":{"start":{"line":30,"column":12},"end":{"line":30,"column":54}},"18":{"start":{"line":35,"column":6},"end":{"line":41,"column":7}},"19":{"start":{"line":36,"column":8},"end":{"line":40,"column":9}},"20":{"start":{"line":37,"column":10},"end":{"line":39,"column":11}},"21":{"start":{"line":38,"column":12},"end":{"line":38,"column":51}},"22":{"start":{"line":42,"column":6},"end":{"line":48,"column":7}},"23":{"start":{"line":43,"column":8},"end":{"line":47,"column":9}},"24":{"start":{"line":44,"column":10},"end":{"line":46,"column":11}},"25":{"start":{"line":45,"column":12},"end":{"line":45,"column":53}},"26":{"start":{"line":51,"column":2},"end":{"line":51,"column":16}},"27":{"start":{"line":54,"column":0},"end":{"line":54,"column":35}}},"branchMap":{"1":{"line":13,"type":"if","locations":[{"start":{"line":13,"column":2},"end":{"line":13,"column":2}},{"start":{"line":13,"column":2},"end":{"line":13,"column":2}}]},"2":{"line":16,"type":"if","locations":[{"start":{"line":16,"column":4},"end":{"line":16,"column":4}},{"start":{"line":16,"column":4},"end":{"line":16,"column":4}}]},"3":{"line":20,"type":"if","locations":[{"start":{"line":20,"column":6},"end":{"line":20,"column":6}},{"start":{"line":20,"column":6},"end":{"line":20,"column":6}}]},"4":{"line":22,"type":"if","locations":[{"start":{"line":22,"column":10},"end":{"line":22,"column":10}},{"start":{"line":22,"column":10},"end":{"line":22,"column":10}}]},"5":{"line":27,"type":"if","locations":[{"start":{"line":27,"column":6},"end":{"line":27,"column":6}},{"start":{"line":27,"column":6},"end":{"line":27,"column":6}}]},"6":{"line":29,"type":"if","locations":[{"start":{"line":29,"column":10},"end":{"line":29,"column":10}},{"start":{"line":29,"column":10},"end":{"line":29,"column":10}}]},"7":{"line":35,"type":"if","locations":[{"start":{"line":35,"column":6},"end":{"line":35,"column":6}},{"start":{"line":35,"column":6},"end":{"line":35,"column":6}}]},"8":{"line":37,"type":"if","locations":[{"start":{"line":37,"column":10},"end":{"line":37,"column":10}},{"start":{"line":37,"column":10},"end":{"line":37,"column":10}}]},"9":{"line":42,"type":"if","locations":[{"start":{"line":42,"column":6},"end":{"line":42,"column":6}},{"start":{"line":42,"column":6},"end":{"line":42,"column":6}}]},"10":{"line":44,"type":"if","locations":[{"start":{"line":44,"column":10},"end":{"line":44,"column":10}},{"start":{"line":44,"column":10},"end":{"line":44,"column":10}}]}}}}