TN:
SF:/Users/chuckmichael/sideProjects/numberToEquation/spec/testSpec.js
FN:4,(anonymous_1)
FN:5,(anonymous_2)
FN:8,(anonymous_3)
FN:16,(anonymous_4)
FN:23,(anonymous_5)
FN:28,(anonymous_6)
FN:36,(anonymous_7)
FN:56,(anonymous_8)
FN:57,(anonymous_9)
FN:60,(anonymous_10)
FN:63,(anonymous_11)
FN:66,(anonymous_12)
FNF:12
FNH:12
FNDA:1,(anonymous_1)
FNDA:1,(anonymous_2)
FNDA:1,(anonymous_3)
FNDA:1,(anonymous_4)
FNDA:1,(anonymous_5)
FNDA:1,(anonymous_6)
FNDA:1,(anonymous_7)
FNDA:1,(anonymous_8)
FNDA:1,(anonymous_9)
FNDA:1,(anonymous_10)
FNDA:1,(anonymous_11)
FNDA:1,(anonymous_12)
DA:1,1
DA:2,1
DA:4,1
DA:5,1
DA:6,1
DA:8,1
DA:9,1
DA:16,1
DA:17,1
DA:18,1
DA:19,1
DA:20,1
DA:21,1
DA:23,1
DA:24,1
DA:28,1
DA:29,1
DA:32,0
DA:36,1
DA:37,1
DA:38,1
DA:39,1
DA:41,1
DA:42,0
DA:44,1
DA:45,0
DA:47,1
DA:48,0
DA:50,1
DA:51,0
DA:56,1
DA:57,1
DA:58,1
DA:60,1
DA:61,1
DA:63,1
DA:64,1
DA:66,1
DA:67,1
LF:39
LH:34
BRF:0
BRH:0
end_of_record
TN:
SF:/Users/chuckmichael/sideProjects/numberToEquation/src/equationGenerator.js
FN:1,(anonymous_1)
FNF:1
FNH:1
FNDA:10,(anonymous_1)
DA:1,1
DA:9,10
DA:10,10
DA:11,10
DA:13,10
DA:14,2
DA:16,8
DA:17,2
DA:19,8
DA:20,23
DA:21,20
DA:22,70
DA:23,6
DA:27,23
DA:28,20
DA:29,70
DA:30,6
DA:35,23
DA:36,20
DA:37,70
DA:38,6
DA:42,23
DA:43,20
DA:44,43
DA:45,7
DA:51,8
DA:54,1
LF:27
LH:27
BRDA:13,1,0,2
BRDA:13,1,1,8
BRDA:16,2,0,2
BRDA:16,2,1,6
BRDA:20,3,0,20
BRDA:20,3,1,3
BRDA:22,4,0,6
BRDA:22,4,1,64
BRDA:27,5,0,20
BRDA:27,5,1,3
BRDA:29,6,0,6
BRDA:29,6,1,64
BRDA:35,7,0,20
BRDA:35,7,1,3
BRDA:37,8,0,6
BRDA:37,8,1,64
BRDA:42,9,0,20
BRDA:42,9,1,3
BRDA:44,10,0,7
BRDA:44,10,1,36
BRF:20
BRH:20
end_of_record
